2024-12-17T08:58:59.425Z - Finished processing all transfers
2024-12-17T09:04:06.182Z - Starting to process 64 transfers in batches of 15
2024-12-17T09:04:06.184Z - Processing batch 1 of 5
2024-12-17T09:04:10.192Z - Successfully processed batch 1. Transaction ID: 6aa171ba03a37761adfed1b8e8b5d2f107d897578774618557b377980e16b455
2024-12-17T09:04:10.193Z - Transferred 10.0000 TLM to kraniax.gm
2024-12-17T09:04:10.194Z - Transferred 10.0000 TLM to bzgmo.c.wam
2024-12-17T09:04:10.194Z - Transferred 10.0000 TLM to kraniax.gm
2024-12-17T09:04:10.194Z - Transferred 10.0000 TLM to bzgmo.c.wam
2024-12-17T09:04:10.195Z - Transferred 10.0000 TLM to kraniax.gm
2024-12-17T09:04:10.195Z - Transferred 10.0000 TLM to bzgmo.c.wam
2024-12-17T09:04:10.196Z - Transferred 10.0000 TLM to kraniax.gm
2024-12-17T09:04:10.196Z - Transferred 10.0000 TLM to bzgmo.c.wam
2024-12-17T09:04:10.196Z - Transferred 10.0000 TLM to kraniax.gm
2024-12-17T09:04:10.196Z - Transferred 10.0000 TLM to bzgmo.c.wam
2024-12-17T09:04:10.197Z - Transferred 10.0000 TLM to kraniax.gm
2024-12-17T09:04:10.197Z - Transferred 10.0000 TLM to bzgmo.c.wam
2024-12-17T09:04:10.197Z - Transferred 10.0000 TLM to kraniax.gm
2024-12-17T09:04:10.197Z - Transferred 10.0000 TLM to bzgmo.c.wam
2024-12-17T09:04:10.198Z - Transferred 10.0000 TLM to kraniax.gm
2024-12-17T09:04:11.198Z - Processing batch 2 of 5
2024-12-17T09:04:12.740Z - Successfully processed batch 2. Transaction ID: eb15e4aed4fee656d8b332654f22b076bb4f29e0e2dcb64d88bdd41c1ac9a6e1
2024-12-17T09:04:12.741Z - Transferred 10.0000 TLM to bzgmo.c.wam
2024-12-17T09:04:12.743Z - Transferred 10.0000 TLM to kraniax.gm
2024-12-17T09:04:12.744Z - Transferred 10.0000 TLM to bzgmo.c.wam
2024-12-17T09:04:12.745Z - Transferred 10.0000 TLM to kraniax.gm
2024-12-17T09:04:12.746Z - Transferred 10.0000 TLM to bzgmo.c.wam
2024-12-17T09:04:12.746Z - Transferred 10.0000 TLM to kraniax.gm
2024-12-17T09:04:12.747Z - Transferred 10.0000 TLM to bzgmo.c.wam
2024-12-17T09:04:12.748Z - Transferred 10.0000 TLM to kraniax.gm
2024-12-17T09:04:12.748Z - Transferred 10.0000 TLM to bzgmo.c.wam
2024-12-17T09:04:12.749Z - Transferred 10.0000 TLM to kraniax.gm
2024-12-17T09:04:12.749Z - Transferred 10.0000 TLM to bzgmo.c.wam
2024-12-17T09:04:12.749Z - Transferred 10.0000 TLM to kraniax.gm
2024-12-17T09:04:12.750Z - Transferred 10.0000 TLM to bzgmo.c.wam
2024-12-17T09:04:12.750Z - Transferred 10.0000 TLM to kraniax.gm
2024-12-17T09:04:12.750Z - Transferred 10.0000 TLM to bzgmo.c.wam
2024-12-17T09:04:13.751Z - Processing batch 3 of 5
2024-12-17T09:04:15.513Z - Successfully processed batch 3. Transaction ID: f8f67a6160af76477cb30d038fa01057b4b1ce5a2725ad8e4d167f24afbcaa81
2024-12-17T09:04:15.513Z - Transferred 10.0000 TLM to kraniax.gm
2024-12-17T09:04:15.514Z - Transferred 10.0000 TLM to bzgmo.c.wam
2024-12-17T09:04:15.515Z - Transferred 10.0000 TLM to kraniax.gm
2024-12-17T09:04:15.515Z - Transferred 10.0000 TLM to bzgmo.c.wam
2024-12-17T09:04:15.516Z - Transferred 10.0000 TLM to kraniax.gm
2024-12-17T09:04:15.516Z - Transferred 10.0000 TLM to bzgmo.c.wam
2024-12-17T09:04:15.516Z - Transferred 10.0000 TLM to kraniax.gm
2024-12-17T09:04:15.517Z - Transferred 10.0000 TLM to bzgmo.c.wam
2024-12-17T09:04:15.517Z - Transferred 10.0000 TLM to kraniax.gm
2024-12-17T09:04:15.517Z - Transferred 10.0000 TLM to bzgmo.c.wam
2024-12-17T09:04:15.518Z - Transferred 10.0000 TLM to kraniax.gm
2024-12-17T09:04:15.518Z - Transferred 10.0000 TLM to bzgmo.c.wam
2024-12-17T09:04:15.518Z - Transferred 10.0000 TLM to kraniax.gm
2024-12-17T09:04:15.519Z - Transferred 10.0000 TLM to bzgmo.c.wam
2024-12-17T09:04:15.519Z - Transferred 10.0000 TLM to kraniax.gm
2024-12-17T09:04:16.520Z - Processing batch 4 of 5
2024-12-17T09:04:18.215Z - Successfully processed batch 4. Transaction ID: 1f4d6fe74fc81266e4c35f3d6a9ff93a097a85e0addad650bb86d76ae28312a8
2024-12-17T09:04:18.216Z - Transferred 10.0000 TLM to bzgmo.c.wam
2024-12-17T09:04:18.217Z - Transferred 10.0000 TLM to kraniax.gm
2024-12-17T09:04:18.218Z - Transferred 10.0000 TLM to bzgmo.c.wam
2024-12-17T09:04:18.218Z - Transferred 10.0000 TLM to kraniax.gm
2024-12-17T09:04:18.219Z - Transferred 10.0000 TLM to bzgmo.c.wam
2024-12-17T09:04:18.220Z - Transferred 10.0000 TLM to kraniax.gm
2024-12-17T09:04:18.220Z - Transferred 10.0000 TLM to bzgmo.c.wam
2024-12-17T09:04:18.221Z - Transferred 10.0000 TLM to kraniax.gm
2024-12-17T09:04:18.222Z - Transferred 10.0000 TLM to bzgmo.c.wam
2024-12-17T09:04:18.222Z - Transferred 10.0000 TLM to kraniax.gm
2024-12-17T09:04:18.223Z - Transferred 10.0000 TLM to bzgmo.c.wam
2024-12-17T09:04:18.223Z - Transferred 10.0000 TLM to kraniax.gm
2024-12-17T09:04:18.224Z - Transferred 10.0000 TLM to bzgmo.c.wam
2024-12-17T09:04:18.224Z - Transferred 10.0000 TLM to kraniax.gm
2024-12-17T09:04:18.225Z - Transferred 10.0000 TLM to bzgmo.c.wam
2024-12-17T09:04:19.225Z - Processing batch 5 of 5
2024-12-17T09:04:21.178Z - Successfully processed batch 5. Transaction ID: 6d6e55beb7b0a05993b8a67cdacbbf85fc37ccff8a0b97c346305625168d510a
2024-12-17T09:04:21.178Z - Transferred 10.0000 TLM to kraniax.gm
2024-12-17T09:04:21.178Z - Transferred 10.0000 TLM to bzgmo.c.wam
2024-12-17T09:04:21.179Z - Transferred 10.0000 TLM to kraniax.gm
2024-12-17T09:04:21.179Z - Transferred 10.0000 TLM to bzgmo.c.wam
2024-12-17T09:04:21.179Z - Finished processing all transfers
